[backblue.gif]
[fade.gif]
[index.html]
[nebula.wsimg.com/8f0e17c97236981cab8925cc7cf924cb985f.jpg]
[nebula.wsimg.com/1830384228ae664816c525deb9d09afb985f.jpg]
[nebula.wsimg.com/67c9634d7b474b01a9bef69202713850985f.jpg]
[nebula.wsimg.com/3b3e74ac0725e44a9399e293c3b425ff985f.jpg]
[nebula.wsimg.com/e69486ece2fbc3fb8705fdb193e4415e985f.png]
[www.paypalobjects.com/en_US/i/btn/btn_donateCC_LG.gif]
[www.paypalobjects.com/en_US/i/scr/pixel.gif]
[nebula.wsimg.com/779345136140a7fe8e8442189964fc52985f.png]
[nebula.wsimg.com/78c2cfab5366433ec9a1b4b1c83538fe985f.png]
[nebula.wsimg.com/d96a447e14c868ffc8122970a11b3fa3985f.png]
[nebula.wsimg.com/7066718b1b0bb9a193bed768066c0e90985f.png]
[nebula.wsimg.com/b797ccdd7e85263ca73f04979a961394985f.jpg]
[nebula.wsimg.com/361e16995dd8b5dac7980f902b049562985f.jpg]
[nebula.wsimg.com/a40fa06b0c22b401fe0dbb0d7742863c985f.png]
[nebula.wsimg.com/2a11d166fc4952c573568688fa180ecd985f.png]
[nebula.wsimg.com/d38c4baea2bafaa50d63e374f97a7d12985f.png]
[nebula.wsimg.com/0502be61eefe09957a32970ca33da981985f.jpg]
[nebula.wsimg.com/712ac1def230a29e728ecd2ce16e8364985f.jpg]
[nebula.wsimg.com/a23f6b6ad28e5b218e5b40107287f51f985f.jpg]
[nebula.wsimg.com/2b3abdf7101d48f30c8c77e4f820605a985f.jpg]
[nebula.wsimg.com/157edcca3698e48dca8417bcdb389aac985f.jpg]
[nebula.wsimg.com/92b218c1131ec9b2ea0f209c1124b033985f.jpg]
[nebula.wsimg.com/c005b0b215a201b565b81ce6ca2a2a6a985f.png]
[nebula.wsimg.com/a6691a5450d283bc8cd32f3ae877aaa3985f.png]
[www.consciousminds.org/index.html]
[www.consciousminds.org/home.html]
[fonts.googleapis.com/cssa88e.css]
[fonts.googleapis.com/cssf43a.css]
[www.consciousminds.org/site95b5.css]
[img4.wsimg.com/starfield/duel/v2.5.7/duel35bd.js]
[nebula.wsimg.com/0b29066b8722783d18b1d8851915ce22985f.jpg]
[nebula.wsimg.com/639cb3061bce1a854e5994035491e0ff985f.png]
[nebula.wsimg.com/b13d3b19af4b6f2503afe1f0564d7e0a985f.jpg]
[nebula.wsimg.com/deb5ae7df315d7f819cfc015ae97a9f9985f.jpg]
[nebula.wsimg.com/488d23ed7bbcb9750e1e4dcb7735d868985f.jpg]
[img4.wsimg.com/wst/v7/WSB7_J_20141223_1502_doc-migra_4587/v2/images/wsb-slideshow-nav-arrows-sprt.png]
[nebula.wsimg.com/929691d2d05d919b0ea537e29bed6da5985f.jpg]
[nebula.wsimg.com/66beb7fb8789ae0553aa3a422924f05c985f.jpg]
[www.consciousminds.org/sara-salzman.html]
[nebula.wsimg.com/8a45085011cfacc0a2bb5f0b31dcd949985f.jpg]
[nebula.wsimg.com/2f85e5c6891ee940421d5cc7e88b5dae985f.jpg]
[nebula.wsimg.com/1272c6fa99d1e5a686ca5dbf8e900c00985f.jpg]
[nebula.wsimg.com/2444bbf5dc7312286d853e931ee89bb5985f.jpg]
[nebula.wsimg.com/a8bd54a07557bb09cb812d0157464fb5985f.jpg]
[nebula.wsimg.com/677ce6d3a64af663e6c2c4d99c9073f6985f.jpg]
[nebula.wsimg.com/c05a709b05be701d2d7aabe0fa3f42c0985f.jpg]
[nebula.wsimg.com/b7eb927e6284c3f4f5c459936e48e536985f.jpg]
[nebula.wsimg.com/d2a382283ad4346c6563bbdd7b66a20a985f.png]
[nebula.wsimg.com/6b8de08e7428b632f695b9cab5f8ebac985f.jpg]
[nebula.wsimg.com/93436eed1863a838ace35d0bf1121c36985f.jpg]
[nebula.wsimg.com/125204f159531a9a6dd70bb5deaec38d985f.jpg]
[nebula.wsimg.com/c890da048414eba31fc9b8d8755f7437985f.png]
[nebula.wsimg.com/550ffe32ac8362226e8ca54b3fa313b1985f.jpg]
[nebula.wsimg.com/b33cfa44c2b4fdd58fbf9505ecf6b773985f.jpg]
[nebula.wsimg.com/f8e8f14df037faf60d402d134059efbe985f.jpg]
[nebula.wsimg.com/77cf1aa6cfe7234aa518ba06ec641f82985f.jpg]
[nebula.wsimg.com/9568b0ab0ed294ddb08923830799f0b3985f.jpg]
[nebula.wsimg.com/e8f3f55662004609c35cddd90bd31771985f.png]
[nebula.wsimg.com/2418f88aa3bb208c09c5bc0e43e83c21985f.jpg]
[nebula.wsimg.com/cae47fc4bd4afcc6ec5f1688f8b6ed4f985f.png]
[www.consciousminds.org/about-us.html]
[nebula.wsimg.com/f23d7cbecec4130b64622cf32ee019ff985f.png]
[nebula.wsimg.com/8277931b38cad050f1b755e9ff2fd5ac985f.jpg]
[nebula.wsimg.com/65978ef706abb38d2ea0d9ec49ead2b1985f.jpg]
[nebula.wsimg.com/861b7e34d81a2cadcc0653d970d40707985f.png]
[nebula.wsimg.com/00b705ec7ce28b07134400777f5478c4985f.png]
[nebula.wsimg.com/21bdf0025bd258c6b37cf932a4465f06985f.jpg]
[nebula.wsimg.com/9124f40541db53e0a63ca92f5af573df985f.jpg]
[nebula.wsimg.com/5d2f4b746dddbd56d37815483fb7b54f985f.jpg]
[nebula.wsimg.com/b8b47a5faaafe2812f82e9287be4512e985f.jpg]
[nebula.wsimg.com/b913ad788cbc7df084988b433e2730ca985f.jpg]
[nebula.wsimg.com/7c0dca549133bb31dfd8989a7fdc6db4985f.png]
[nebula.wsimg.com/08340da5d8bf04428ec14d95e244118c985f.jpg]
[nebula.wsimg.com/ff8f7798d6b43ab51e32ccd55ca869dc985f.png]
[www.consciousminds.org/earth-native-sanctuary.html]
[nebula.wsimg.com/490e7000b1d16e020f2e0866cfe24b0d985f.png]
[nebula.wsimg.com/f1fce6b827129c82470bee77f32fa7bd985f.jpg]
[nebula.wsimg.com/f6a2e921c137ec87681010f70cb5987e985f.png]
[nebula.wsimg.com/9f8badc2da8b7172953a4a58d718cd0c985f.png]
[nebula.wsimg.com/9abefa179bdf6516c439c33fafe1cba9985f.png]
[www.consciousminds.org/our-services.html]
[nebula.wsimg.com/3e630a7357c34e023c15da6da8d24e6c985f.png]
[nebula.wsimg.com/aba93ec8dc68e629bc5551eca96b009f985f.png]
[nebula.wsimg.com/2a4f67b57dcfedfcacd47a6cfb4c5747985f.jpg]
[nebula.wsimg.com/c0cd5e5fbb45202143cd6cc649142b91985f.jpg]
[nebula.wsimg.com/b75d81b75082620b3aa45c06f86043f1985f.jpg]
[nebula.wsimg.com/64c4196500e0789cb6174468701e71c4985f.png]
[nebula.wsimg.com/15c82f5bd27efad3f90b7a9bdb27ae30985f.png]
[nebula.wsimg.com/0293e7c2d8f55b00f4c2bbc7dc1b0202985f.png]
[nebula.wsimg.com/728ddc1a6e049e5357f5cc2920d00cbc985f.jpg]
[nebula.wsimg.com/845902adb5bf5c18009584a387627aec985f.jpg]
[nebula.wsimg.com/8af2dce29803f281b9cec4f6a1830278985f.jpg]
[nebula.wsimg.com/2e113048941a41e4fe9194a3a08fb9b4985f.jpg]
[nebula.wsimg.com/32fdae911001bce620bd39df720227ed985f.jpg]
[nebula.wsimg.com/204467038723b050cfc2b8261f95b300985f.jpg]
[nebula.wsimg.com/86407041d5af90ba8e4d9c1401b24298985f.jpg]
[nebula.wsimg.com/7cb74a3885f9b6b7e68d04d5b1146537985f.jpg]
[nebula.wsimg.com/708bd197079ac6d8df107a7e9c35f279985f.png]
[www.consciousminds.org/elite-wellness-coaching.html]
[nebula.wsimg.com/9a5ad7bcbcfc1de05a77a43d0a8dc24f985f.jpg]
[nebula.wsimg.com/f978159870825f21f8b8e536cf2ef03c985f.png]
[nebula.wsimg.com/871ec50e2f60c6bdb63bcf19c6d747f0985f.png]
[nebula.wsimg.com/d6925cd47fb5f525eeabc8a387bd733e985f.jpg]
[nebula.wsimg.com/a49384c3c3a02aef57d958ee0931afc8985f.jpg]
[nebula.wsimg.com/65049b490e419c6e0bc3384fb076e5de985f.jpg]
[nebula.wsimg.com/055c152849724aa425f294861b347fd0985f.jpg]
[nebula.wsimg.com/490a82430a9c8d0667a0278d0451ca01985f.jpg]
[nebula.wsimg.com/5869fdc853d7d7accf87dc256cbb3d07985f.jpg]
[nebula.wsimg.com/4f5d4bd0e4797cd2c9fbca0b77143c46985f.jpg]
[nebula.wsimg.com/02243ffd171da250f191dc4853ad36df985f.jpg]
[nebula.wsimg.com/a4fb33646ad229eee12eb82a5d810ce9985f.png]
[www.consciousminds.org/sacred-healing-chamber.html]
[nebula.wsimg.com/32b6681a4a67712f5486d171bd39785a985f.jpg]
[nebula.wsimg.com/eefc61970c9185c2cf3f7346c7edf487985f.png]
[nebula.wsimg.com/d9873b20913c055e964b6928a3935c64985f.jpg]
[nebula.wsimg.com/6f24bd911b1fbf5925ad6b3596b3d30a985f.jpg]
[nebula.wsimg.com/0e4a4070273e1028d16b8d1f12dcfeb1985f.jpg]
[www.consciousminds.org/advanced-event-production.html]
[nebula.wsimg.com/a75d0d31e7d6ff8a0ba949b22f4f9afd985f.jpg]
[nebula.wsimg.com/9f5b88c331343ab80916b6da8f83c6a5985f.jpg]
[www.consciousminds.org/harmonic-sound-studio.html]
[nebula.wsimg.com/4a0575467e48d3bd6233bc8060bc6e3d985f.jpg]
[nebula.wsimg.com/48624eafc2d2e7698e9c574a5ab1b643985f.jpg]
[nebula.wsimg.com/ca22f0040777f70344dc8206d8e22af1985f.png]
[nebula.wsimg.com/edda649d84fac7c90b303f0da51ae660985f.jpg]
[nebula.wsimg.com/6a69df49d1f45f83152c930f736dd02e985f.jpg]
[nebula.wsimg.com/509c9bc086ac0f263699651933323cba985f.jpg]
[nebula.wsimg.com/5a353c6831177fe6e3d2cf7656a0bc51985f.jpg]
[nebula.wsimg.com/8416bf72907d7705d22a811ab01f3df2985f.jpg]
[nebula.wsimg.com/332949b4c91a345873990906fc32b92e985f.png]
[nebula.wsimg.com/bbce1a54d05e4f5aee288d799c7116ec985f.jpg]
[archive.org/details/TerenceMckenna-FoodOfTheGods.html]
[nebula.wsimg.com/580b2389b9515cd8cac742f3686f0bf8985f.jpg]
[nebula.wsimg.com/b1049f81c06421cb30909a5272400f3c985f.png]
[nebula.wsimg.com/1ac028493c23f6d6ef9bab3cf09bbba0985f.jpg]
[www.consciousminds.org/products.html]
[nebula.wsimg.com/a49f4610d6be95784c11eb7574fefac4985f.png]
[nebula.wsimg.com/366a5043a08d792aa7dc51a76d43db8f985f.jpg]
[nebula.wsimg.com/22fa313f4d68033250e20fab85ea511e985f.jpg]
[nebula.wsimg.com/80a45b2681231ab4dfbe607a549cb9ef985f.jpg]
[nebula.wsimg.com/4b4b832702909ce4bedd871215e636d2985f.jpg]
[nebula.wsimg.com/55560c011f2d862e28c00ab6f6dd74e2985f.jpg]
[nebula.wsimg.com/50e1056545dbdffac66eec1e96284125985f.jpg]
[nebula.wsimg.com/76c58017303afae821918e70b549925f985f.jpg]
[nebula.wsimg.com/141a817c21769fb3625871b92173a105985f.jpg]
[www.consciousminds.org/contact-us.html]
[www.consciousminds.org/css!starfield/sf.core.html]
[nebula.wsimg.com/66ebb92c70465ad4fa02e91aceeabd15985f.jpg]
[nebula.wsimg.com/9e4a59dd9a4bdca1abec0f5bf915676b985f.jpg]
[www.consciousminds.org/meme-divinity.html]
[nebula.wsimg.com/2b643805e4e4a0d9faf16bae6f2ccde3985f.jpg]
[nebula.wsimg.com/08766a5fa20c23d3bb3f3c42d696dbb5985f.jpg]
[nebula.wsimg.com/1478c4bf9c5c5170b5463eca4378f7f4985f.jpg]
[www.consciousminds.org/millie-lopez.html]
[nebula.wsimg.com/63ddc08ae55bd50937a6204da15c7541985f.jpg]
[www.consciousminds.org/sara-salzman.html]
[nebula.wsimg.com/052a1db8c88163376cb578d933d3d638985f.jpg]
[archive.org/includes/archive9dfc.css]
[archive.org/images/glogo.jpg]
[nebula.wsimg.com/1b4223a4f2907ee30931fc40597ff546985f.jpg]
[archive.org/images/bitcoin.png]
[nebula.wsimg.com/8c96a8213d631600855958f37aaa7188985f.jpg]
[archive.org/images/glogo2.png]
[archive.org/images/ol.png]
[ia700408.us.archive.org/18/items/opensource/opensourceca99.png]
[ia601407.us.archive.org/9/items/TerenceMckenna-FoodOfTheGods.pdf/TerenceMckenna-FoodOfTheGodsca99.gif]
[archive.org/details/TerenceMckenna-FoodOfTheGods.html]
[archive.org/includes/archive9dfc.css]
[archive.org/images/tvnews.png]
[archive.org/images/Brewster_Kahle_cropped.jpg]
